<?xml version="1.0" encoding="UTF-8"?>
<!-- Generated by org.testng.reporters.JUnitXMLReporter -->
<testsuite ignored="0" hostname="DESKTOP-N1269UI" failures="2" tests="3" name="Pool Test" time="209.086" errors="0" timestamp="2023-09-25T17:15:37 IST">
  <testcase classname="io.cucumber.testng.AbstractTestNGCucumberTests" name="runScenario" time="41.086"/>
  <testcase classname="io.cucumber.testng.AbstractTestNGCucumberTests" name="runScenario" time="28.863">
    <failure type="java.lang.NullPointerException" message="Cannot invoke &amp;quot;String.contains(java.lang.CharSequence)&amp;quot; because the return value of &amp;quot;java.util.Map.get(Object)&amp;quot; is null">
      <![CDATA[java.lang.NullPointerException: Cannot invoke "String.contains(java.lang.CharSequence)" because the return value of "java.util.Map.get(Object)" is null
at com.sure.stepDefs.QuickTestStepDef.i_Should_See_Below_Details(QuickTestStepDef.java:134)
at ✽.I Should see below details(file:///C:/Users/Admin/eclipse-workspace/Pool/src/test/resources/features/PoolManager.feature:56)
]]>
    </failure>
  </testcase> <!-- runScenario -->
  <testcase classname="io.cucumber.testng.AbstractTestNGCucumberTests" name="runScenario" time="134.354">
    <failure type="java.lang.AssertionError" message="Data Matched: lists don&amp;apos;t have the same size expected [8] but found [4]">
      <![CDATA[java.lang.AssertionError: Data Matched: lists don't have the same size expected [8] but found [4]
at com.sure.stepDefs.QuickTestStepDef.i_Should_See_Below_Details(QuickTestStepDef.java:149)
at ✽.I Should see below details(file:///C:/Users/Admin/eclipse-workspace/Pool/src/test/resources/features/PoolManager.feature:89)
... Removed 6 stack frames]]>
    </failure>
  </testcase> <!-- runScenario -->
</testsuite> <!-- Pool Test -->
